E:\BOX2D\PROJECT1_BOX2D_CAR_SIMULATION\PROJECT1_BOX2D_CAR_SIMULATION\DEBUG\SOURCE.OBJ
E:\BOX2D\PROJECT1_BOX2D_CAR_SIMULATION\PROJECT1_BOX2D_CAR_SIMULATION\DEBUG\VC110.PDB
E:\BOX2D\PROJECT1_BOX2D_CAR_SIMULATION\DEBUG\PROJECT1_BOX2D_CAR_SIMULATION.ILK
E:\BOX2D\PROJECT1_BOX2D_CAR_SIMULATION\DEBUG\PROJECT1_BOX2D_CAR_SIMULATION.EXE
E:\BOX2D\PROJECT1_BOX2D_CAR_SIMULATION\DEBUG\PROJECT1_BOX2D_CAR_SIMULATION.PDB
E:\Box2d\Project1_Box2d_car_simulation\Project1_Box2d_car_simulation\Debug\Source.obj
E:\Box2d\Project1_Box2d_car_simulation\Project1_Box2d_car_simulation\Debug\cl.command.1.tlog
E:\Box2d\Project1_Box2d_car_simulation\Project1_Box2d_car_simulation\Debug\CL.read.1.tlog
E:\Box2d\Project1_Box2d_car_simulation\Project1_Box2d_car_simulation\Debug\CL.write.1.tlog
E:\Box2d\Project1_Box2d_car_simulation\Project1_Box2d_car_simulation\Debug\link-cvtres.read.1.tlog
E:\Box2d\Project1_Box2d_car_simulation\Project1_Box2d_car_simulation\Debug\link-cvtres.write.1.tlog
E:\Box2d\Project1_Box2d_car_simulation\Project1_Box2d_car_simulation\Debug\link-rc.read.1.tlog
E:\Box2d\Project1_Box2d_car_simulation\Project1_Box2d_car_simulation\Debug\link-rc.write.1.tlog
E:\Box2d\Project1_Box2d_car_simulation\Project1_Box2d_car_simulation\Debug\link.3564-cvtres.read.1.tlog
E:\Box2d\Project1_Box2d_car_simulation\Project1_Box2d_car_simulation\Debug\link.3564-cvtres.write.1.tlog
E:\Box2d\Project1_Box2d_car_simulation\Project1_Box2d_car_simulation\Debug\link.3564-rc.read.1.tlog
E:\Box2d\Project1_Box2d_car_simulation\Project1_Box2d_car_simulation\Debug\link.3564-rc.write.1.tlog
E:\Box2d\Project1_Box2d_car_simulation\Project1_Box2d_car_simulation\Debug\link.3564.read.1.tlog
E:\Box2d\Project1_Box2d_car_simulation\Project1_Box2d_car_simulation\Debug\link.3564.write.1.tlog
E:\Box2d\Project1_Box2d_car_simulation\Project1_Box2d_car_simulation\Debug\link.4252-cvtres.read.1.tlog
E:\Box2d\Project1_Box2d_car_simulation\Project1_Box2d_car_simulation\Debug\link.4252-cvtres.write.1.tlog
E:\Box2d\Project1_Box2d_car_simulation\Project1_Box2d_car_simulation\Debug\link.4252-rc.read.1.tlog
E:\Box2d\Project1_Box2d_car_simulation\Project1_Box2d_car_simulation\Debug\link.4252-rc.write.1.tlog
E:\Box2d\Project1_Box2d_car_simulation\Project1_Box2d_car_simulation\Debug\link.4252.read.1.tlog
E:\Box2d\Project1_Box2d_car_simulation\Project1_Box2d_car_simulation\Debug\link.4252.write.1.tlog
E:\Box2d\Project1_Box2d_car_simulation\Project1_Box2d_car_simulation\Debug\link.6964-cvtres.read.1.tlog
E:\Box2d\Project1_Box2d_car_simulation\Project1_Box2d_car_simulation\Debug\link.6964-cvtres.write.1.tlog
E:\Box2d\Project1_Box2d_car_simulation\Project1_Box2d_car_simulation\Debug\link.6964-rc.read.1.tlog
E:\Box2d\Project1_Box2d_car_simulation\Project1_Box2d_car_simulation\Debug\link.6964-rc.write.1.tlog
E:\Box2d\Project1_Box2d_car_simulation\Project1_Box2d_car_simulation\Debug\link.6964.read.1.tlog
E:\Box2d\Project1_Box2d_car_simulation\Project1_Box2d_car_simulation\Debug\link.6964.write.1.tlog
E:\Box2d\Project1_Box2d_car_simulation\Project1_Box2d_car_simulation\Debug\link.command.1.tlog
E:\Box2d\Project1_Box2d_car_simulation\Project1_Box2d_car_simulation\Debug\link.read.1.tlog
E:\Box2d\Project1_Box2d_car_simulation\Project1_Box2d_car_simulation\Debug\link.write.1.tlog
E:\Box2d\Project1_Box2d_car_simulation\Project1_Box2d_car_simulation\Debug\vc110.idb
E:\Box2d\Project1_Box2d_car_simulation\Project1_Box2d_car_simulation\Debug\vc110.pdb
E:\Box2d\Project1_Box2d_car_simulation\Debug\Project1_Box2d_car_simulation.pdb
E:\Box2d\Project1_Box2d_car_simulation\Debug\Project1_Box2d_car_simulation.exe
E:\Box2d\Project1_Box2d_car_simulation\Debug\Project1_Box2d_car_simulation.ilk
